p=0, z=999
p=0, z=845
p=0, z=710
p=333, z=710
p=333, z=690
p=348, z=690
p=348, z=630
p=348, z=589
p=363, z=589
p=429, z=589
p=429, z=507
p=499, z=507
p=499, z=506
p=499, z=501
p=499, z=500
1115738345
623386897
377401575
662824084
2697667
66576503
368800899
612703462
486256185
689405003
267834847
180171308
167314660
595337866
625495087
41625043
37831618
480016397
561756726
188592081
157982495
190853973
326272115
65929269
675780521
744964398
583003549
230982772
509448964
701326214
273098399
356973522
78769249
445007924
717222856
51885617
713256043
406339586
480213583
429995104
29387950
518275369
700121325
515083088
271520213
456633834
66838317
590727970
555001354
354089823
757115303
10025864
60335757
684462146
566616678
521827728
243533822
93253262
79421352
685333180
127474245
165691907
363132794
538446259
255202753
374213756
541269159
697145729
508382461
153870853
51189871
273100622
658359554
150965775
403685860
92728044
344858293
124744055
60842149
208521688
592892287
558767051
525761943
736209796
493907821
639686562
654007347
680092060
78746985
382657182
239868121
223976570
595523226
687955215
500965035
481129576
474292846
737636238
636212583
6090021
438043529
340946258
601077795
290603296
111157742
89423213
446673791
300568396
632626069
531968388
470157467
727551675
475422979
424218998
384113219
536951780
409043954
448678740
327921337
575933023
534977434
699525189
33426569
273032060
305579427
510737498
530708051
78609781
649973183
519488550
261528160
469799972
169262781
187978898
327681027
527748992
643711732
638160107
756220337
309000250
380839095
236462006
425379736
394716004
259670643
210666198
331772758
745569348
307876141
494981584
203615995
281540652
264060911
204674734
603327803
733254270
201377092
58176131
104486194
181545277
403521121
648760710
607323719
333440866
629039005
271620092
407105775
658378208
111251699
630431844
488159273
753830399
66857835
280083306
549668955
76790008
106571573
245900342
132986973
285295156
752577037
156270855
527979912
482164011
509108957
351503374
571280104
369732668
216294423
627561242
562511335
192796981
458739321
336998208
52161940
700411965
361230461
506618663
277647846
566623296
229119865
424420136
410943775
51490330
755610165
621974238
294916155
564073304
380648625
261377792
170234121
653140496
754839821
755750178
559132580
259061104
176942902
743020753
11650907
526308970
739021477
101928288
538298874
573178504
669254367
417985118
472813465
432627427
89540803
146262738
320278418
725113970
521107218
354664990
647166719
357089484
612396821
744345885
338887028
78060984
444983185
45610742
734049607
674650246
342273387
377375418
330014611
18918223
71628745
55766734
699646382
691628533
43796357
438093484
284345725
247995646
27093254
462831801
407934945
265945728
241230397
475863602
562070637
742793987
90163362
29271934
599610170
520320871
107859560
437894538
393342971
163829784
248152689
341715030
728468875
86662596
358022313
119723045
509770501
491885104
392564393
522978382
712754127
155373836
141351509
81899341
396021227
644446024
116386273
309285638
22437319
721617527
568974454
274854673
417171355
457323084
84079641
754433246
314261183
227678604
423999701
180275434
57608155
502700847
103679246
44909183
414348742
319819300
368913805
146508610
21355947
232393244
219944329
343611790
201807279
261422524
52920645
390603123
668070392
59914664
95844078
232049766
166577873
665143380
39949309
58164534
102092014
574512183
356020985
110845144
701298063
504729531
272285270
761058525
787500344
763719779
769267518
773695264
787654792
762735797
766011520
788317730
785130577
769681363
769084151
770427433
780004447
777460725
788981293
805208386
805624749
790425851
810674836
811863863
799981250
808844591
806052377
808381751
811976180
812032495
809667242
804873448
811900218
813335256
865930346
890859284
916896761
910845462
924723277
839978152
910779418
849140046
928152175
902518099
856489496
914420868
820312479
815530144
816952759
862331967
864576371
838381155
814042526
879771914
847170978
817623163
898405676
872343127
907403760
818561781
831237128
878442065
850004390
904813134
898613219
916748190
936456053
876147594
836234953
872078403
882003441
836760821
875936247
819950560
934293688
902073238
881798428
875500933
893052245
926677639
827968622
842011463
927850469
893145566
823124217
818008522
835903122
860811569
918965159
933662751
937502365
877781677
861472101
929498837
941507425
909024364
908658239
816411927
856000655
945439098
1012164463
1104268280
961398068
1005039237
1097123421
1079620512
1079702253
1079799722
1094227392
1084099844
1080392359
975548174
1007486992
997936956
1030616470
1080692885
1064846676
959962315
1007748763
1103527590
975873466
1069326524
961258671
1005798542
998864750
1030438009
982848517
1024265714
1009261006
1094643579
1018524338
1020509929
1072778732
1096984152
1062517886
1065892659
1098422302
953190092
948921754
1024647073
968960691
976832615
954620057
1023081650
1021417993
998364822
1082354839
1021612981
975518264
1090693511
1065093921
1041547905
1024943020
995405759
1070330532
1081267045
1030557336
958077104
1104047842
1110309481
990237427
1066281388
1028513543
1035618639
954484645
1061815741
964141416
1047820095
1071068649
1111435230
1113125436
1115738345
1116175964
1116761037
1116931621
1119030192
1118144521
1120475505
1121741130
1123829339
1198449905
1241864736
1266478832
1282664340
1214168082
1276927696
1141114331
1217996431
1243475898
1185750016
1195529845
1183911900
1168390467
1191581004
1214809950
1219259225
1261239953
1248647213
1146689454
1276057943
1132816660
1238803404
1287747804
1198550778
1131525873
1279361666
1180656803
1220759124
1251002462
1200625041
1147902781
1187663298
1154811462
1136839240
1214295824
1192052251
1211496755
1227967127
1262553629
1172606082
1286370274
1161164876
1281960729
1140398160
1297607553
1266032265
1179449837
1201913109
1146134728
1191235013
1197164232
1201820854
1241617761
1151748123
1221525356
1299554652
1252116776
1272565082
1277244455
1160857300
1154926309
1288980948
1249606685
1282366252
1148996963
1226441413
1298780834
1185738822
1269136939
1243026426
1287204673
1300269105
1255980365
1151322306
1128680371
1228891816
1195899036
1149758321
1163016778
1223573862
1209209912
1302734860
1356192294
1347109074
1312673392
1362770829
1310676484
1349977666
1341200947
1318597118
1335769937
1340332558
1367950542
1369828971
1308413067
1323676147
1309116698
1337654086
1306223137
1331198373
1346837404
1321184815
1347454209
1340209086
1370213822
1360091201
1303781742
1303003706
1334599012
1347565912
1323562236
1345530330
1315204298
1327302209
1343201072
1365363055
1319234606
1361507145
1344117138
1307976050
1355147104
1350807665
1373726840
1503045494
1491536401
1495896251
1398328302
1452336924
1441401739
1447624116
1455501319
1405901719
1475669976
1495569341
1456828036
1382743901
1448948825
1508586880
1416820665
1448632277
1401944936
1399363374
1415144406
1436128422
1444802171
1468890740
1487930586
1455743305
1486026583
1395459970
1442517318
1377048085
1414135129
1388801188
1474561927
1418186756
1407252008
1487994602
1390032765
1406511986
1482877891
1448521415
1508029952
1440265249
1505400128
1383253593
1388571841
1396396823
1444590749
1381973828
1453883005
1469220051
1429350112
1511161572
1510609900
1384523576
1449230089
1440871456
1470285147
1388290519
1498425426
1398052691
1513050921
1533735514
1522838962
1531151737
1536744465
1520764909
1526854643
1544752871
1541861808
1545307602
1519722406
1532216684
1534094982
1513848375
1532989991
1531119703
1523903762
1520604476
1515643353
1535471319
1547223264
1661002430
1747424528
1748754168
1727524364
1652135231
1747193403
1593269598
1718920618
1672660633
1625226723
1787572754
1617585223
1761017520
1647968836
1593396413
1591699836
1794197765
1759489555
1622294172
1713452621
1557948821
1729749842
1628046260
1640399046
1796486817
1758946598
1640530793
1798641567
1761602878
1616824512
1748327312
1608365197
1670533412
1676024063
1692489080
1567329452
1687282666
1634864327
1608860600
1577082374
1578208502
1655711991
1599663483
1628404173
1807779241
1614044563
1812429809
1722213833
1624402712
1694718090
1811477471
1559050216
1696792762
1788460815
1661749225
1806952560
1564135458
1707070385
1554911035
1809320643
1726189618
1568657795
1803544178
1551913480
1779250373
1783598165
1662585612
1759879576
1778715402
1548228442
1620791059
1664319668
1577911370
1580217764
1807154957
1638335038
1627519811
1637040282
1582426256
1697895597
1790657070
1568235983
1633342704
1692766423
1588192479
1585341753
1716228995
1586079718
1566496513
1722399687
1768156112
1808130602
1719240611
1694224903
1722214010
1573908495
1802188490
1734106303
1632624524
1750011070
1793282088
1678593480
1589704933
1674049122
1598124042
1717307509
1696425492
1716185267
1621937922
1724011690
1611009182
1738083805
1672112838
1800624392
1766867900
1798852421
1573199653
1660932118
1560329003
1712560833
1625503827
1627576247
1675280054
1711153661
1648213746
1583689592
1702998294
1775811865
1628650740
1686638315
1767274722
1675546029
1647418052
1644289366
1813115597
1895927227
1944377406
2100362176
1915483055
1824837264
2135432520
2144619499
1920580197
2106976092
1977186352
2025613794
2058375196
1893721028
2100293115
2116901803
1832287614
1976667553
1860602822
1815597881
2144110260
1984424971
1840225874
2070910243
2054741978
2055032793
2129214204
1822187647
2006063146
2100362283
1889721200
1973454235
1921739441
1876648556
1884254838
1813144128
2002996436
1880464325
1884811626
1996492051
1866814940
2047601762
2002720982
2005546136
2027514900
1927915111
1951918665
1823798819
1872534493
2143449217
2078627975
1911553800
2081135787
1835933489
2039062346
1992798444
1845897721
1962007293
2110518014
1892112230
1963836353
1988855515
1950022796
1866612961
2077213788
2100073167
1866433840
2047811780
1831305175
2117934137
2105126401
2131275019
1929510547
1826537974
1990969115
2055601450
2055744798
2002496997
2089438624
1827284643
1897087126
1940864331
1866450643
2100638428
1950484340
2047078754
1869663702
2060492003
1836201906
2138242457
1927302950
1826408060
1877648720
2047822338
2034942613
1960204067
1895913359
1923026025
2124707437
1881086742
1879328181
1891567775
1901152498
2055052747
1858881207
1949862326
1974865233
2030912120
2052132707
2057323293
1900199924
2145106763
2070408293
1869736192
2109399015
1940439335
1960726484
1965387275
1948555936
1911255389
1906360116
1923090150
1814397249
2110434847
1872952907
2098299345
1951598538
2067651663
2121124952
2122112351
2029357497
1940800023
2117488267
2100427849
1921528400
1848832019
2125632375
1855826649
2077067425
2013903098
1905261552
1874748096
1964990155
2053047983
2054802212
1895217441
2058258651
2102736524
1860847622
1868141281
2000430152
1969681615
2111915288
2035015474
