1115738345
2697667
6090021
10025864
11650907
18918223
21355947
22437319
27093254
29271934
29387950
33426569
37831618
39949309
41625043
43796357
44909183
45610742
51189871
51490330
51885617
52161940
52920645
55766734
57608155
58164534
58176131
59914664
60335757
60842149
65929269
66576503
66838317
66857835
71628745
76790008
78060984
78609781
78746985
78769249
79421352
81899341
84079641
86662596
89423213
89540803
90163362
92728044
93253262
95844078
101928288
102092014
103679246
104486194
106571573
107859560
110845144
111157742
111251699
116386273
119723045
124744055
127474245
132986973
141351509
146262738
146508610
150965775
153870853
155373836
156270855
157982495
163829784
165691907
166577873
167314660
169262781
170234121
176942902
180171308
180275434
181545277
187978898
188592081
190853973
192796981
201377092
201807279
203615995
204674734
208521688
210666198
216294423
219944329
223976570
227678604
229119865
230982772
232049766
232393244
236462006
239868121
241230397
243533822
245900342
247995646
248152689
255202753
259061104
259670643
261377792
261422524
261528160
264060911
265945728
267834847
271520213
271620092
272285270
273032060
273098399
273100622
274854673
277647846
280083306
281540652
284345725
285295156
290603296
294916155
300568396
305579427
307876141
309000250
309285638
314261183
319819300
320278418
326272115
327681027
327921337
330014611
331772758
333440866
336998208
338887028
340946258
341715030
342273387
343611790
344858293
351503374
354089823
354664990
356020985
356973522
357089484
358022313
361230461
363132794
368800899
368913805
369732668
374213756
377375418
377401575
380648625
380839095
382657182
384113219
390603123
392564393
393342971
394716004
396021227
403521121
403685860
406339586
407105775
407934945
409043954
410943775
414348742
417171355
417985118
423999701
424218998
424420136
425379736
429995104
432627427
437894538
438043529
438093484
444983185
445007924
446673791
448678740
456633834
457323084
458739321
462831801
469799972
470157467
472813465
474292846
475422979
475863602
480016397
480213583
481129576
482164011
486256185
488159273
491885104
493907821
494981584
500965035
502700847
504729531
506618663
508382461
509108957
509448964
509770501
510737498
515083088
518275369
519488550
520320871
521107218
521827728
522978382
525761943
526308970
527748992
527979912
530708051
531968388
534977434
536951780
538298874
538446259
541269159
549668955
555001354
558767051
559132580
561756726
562070637
562511335
564073304
566616678
566623296
568974454
571280104
573178504
574512183
575933023
583003549
590727970
592892287
595337866
595523226
599610170
601077795
603327803
607323719
612396821
612703462
621974238
623386897
625495087
627561242
629039005
630431844
632626069
636212583
638160107
639686562
643711732
644446024
647166719
648760710
649973183
653140496
654007347
658359554
658378208
662824084
665143380
668070392
669254367
674650246
675780521
680092060
684462146
685333180
687955215
689405003
691628533
697145729
699525189
699646382
700121325
700411965
701298063
701326214
712754127
713256043
717222856
721617527
725113970
727551675
728468875
733254270
734049607
736209796
737636238
739021477
742793987
743020753
744345885
744964398
745569348
752577037
753830399
754433246
754839821
755610165
755750178
756220337
757115303
761058525
762735797
763719779
766011520
769084151
769267518
769681363
770427433
773695264
777460725
780004447
785130577
787500344
787654792
788317730
788981293
790425851
799981250
804873448
805208386
805624749
806052377
808381751
808844591
809667242
810674836
811863863
811900218
811976180
812032495
813335256
814042526
815530144
816411927
816952759
817623163
818008522
818561781
819950560
820312479
823124217
827968622
831237128
835903122
836234953
836760821
838381155
839978152
842011463
847170978
849140046
850004390
856000655
856489496
860811569
861472101
862331967
864576371
865930346
872078403
872343127
875500933
875936247
876147594
877781677
878442065
879771914
881798428
882003441
890859284
893052245
893145566
898405676
898613219
902073238
902518099
904813134
907403760
908658239
909024364
910779418
910845462
914420868
916748190
916896761
918965159
924723277
926677639
927850469
928152175
929498837
933662751
934293688
936456053
937502365
941507425
945439098
948921754
953190092
954484645
954620057
958077104
959962315
961258671
961398068
964141416
968960691
975518264
975548174
975873466
976832615
982848517
990237427
995405759
997936956
998364822
998864750
1005039237
1005798542
1007486992
1007748763
1009261006
1012164463
1018524338
1020509929
1021417993
1021612981
1023081650
1024265714
1024647073
1024943020
1028513543
1030438009
1030557336
1030616470
1035618639
1041547905
1047820095
1061815741
1062517886
1064846676
1065093921
1065892659
1066281388
1069326524
1070330532
1071068649
1072778732
1079620512
1079702253
1079799722
1080392359
1080692885
1081267045
1082354839
1084099844
1090693511
1094227392
1094643579
1096984152
1097123421
1098422302
1103527590
1104047842
1104268280
1110309481
1111435230
1113125436
1115738345
1116175964
1116761037
1116931621
1118144521
1119030192
1120475505
1121741130
1123829339
1128680371
1131525873
1132816660
1136839240
1140398160
1141114331
1146134728
1146689454
1147902781
1148996963
1149758321
1151322306
1151748123
1154811462
1154926309
1160857300
1161164876
1163016778
1168390467
1172606082
1179449837
1180656803
1183911900
1185738822
1185750016
1187663298
1191235013
1191581004
1192052251
1195529845
1195899036
1197164232
1198449905
1198550778
1200625041
1201820854
1201913109
1209209912
1211496755
1214168082
1214295824
1214809950
1217996431
1219259225
1220759124
1221525356
1223573862
1226441413
1227967127
1228891816
1238803404
1241617761
1241864736
1243026426
1243475898
1248647213
1249606685
1251002462
1252116776
1255980365
1261239953
1262553629
1266032265
1266478832
1269136939
1272565082
1276057943
1276927696
1277244455
1279361666
1281960729
1282366252
1282664340
1286370274
1287204673
1287747804
1288980948
1297607553
1298780834
1299554652
1300269105
1302734860
1303003706
1303781742
1306223137
1307976050
1308413067
1309116698
1310676484
1312673392
1315204298
1318597118
1319234606
1321184815
1323562236
1323676147
1327302209
1331198373
1334599012
1335769937
1337654086
1340209086
1340332558
1341200947
1343201072
1344117138
1345530330
1346837404
1347109074
1347454209
1347565912
1349977666
1350807665
1355147104
1356192294
1360091201
1361507145
1362770829
1365363055
1367950542
1369828971
1370213822
1373726840
1377048085
1381973828
1382743901
1383253593
1384523576
1388290519
1388571841
1388801188
1390032765
1395459970
1396396823
1398052691
1398328302
1399363374
1401944936
1405901719
1406511986
1407252008
1414135129
1415144406
1416820665
1418186756
1429350112
1436128422
1440265249
1440871456
1441401739
1442517318
1444590749
1444802171
1447624116
1448521415
1448632277
1448948825
1449230089
1452336924
1453883005
1455501319
1455743305
1456828036
1468890740
1469220051
1470285147
1474561927
1475669976
1482877891
1486026583
1487930586
1487994602
1491536401
1495569341
1495896251
1498425426
1503045494
1505400128
1508029952
1508586880
1510609900
1511161572
1513050921
1513848375
1515643353
1519722406
1520604476
1520764909
1522838962
1523903762
1526854643
1531119703
1531151737
1532216684
1532989991
1533735514
1534094982
1535471319
1536744465
1541861808
1544752871
1545307602
1547223264
1548228442
1551913480
1554911035
1557948821
1559050216
1560329003
1564135458
1566496513
1567329452
1568235983
1568657795
1573199653
1573908495
1577082374
1577911370
1578208502
1580217764
1582426256
1583689592
1585341753
1586079718
1588192479
1589704933
1591699836
1593269598
1593396413
1598124042
1599663483
1608365197
1608860600
1611009182
1614044563
1616824512
1617585223
1620791059
1621937922
1622294172
1624402712
1625226723
1625503827
1627519811
1627576247
1628046260
1628404173
1628650740
1632624524
1633342704
1634864327
1637040282
1638335038
1640399046
1640530793
1644289366
1647418052
1647968836
1648213746
1652135231
1655711991
1660932118
1661002430
1661749225
1662585612
1664319668
1670533412
1672112838
1672660633
1674049122
1675280054
1675546029
1676024063
1678593480
1686638315
1687282666
1692489080
1692766423
1694224903
1694718090
1696425492
1696792762
1697895597
1702998294
1707070385
1711153661
1712560833
1713452621
1716185267
1716228995
1717307509
1718920618
1719240611
1722213833
1722214010
1722399687
1724011690
1726189618
1727524364
1729749842
1734106303
1738083805
1747193403
1747424528
1748327312
1748754168
1750011070
1758946598
1759489555
1759879576
1761017520
1761602878
1766867900
1767274722
1768156112
1775811865
1778715402
1779250373
1783598165
1787572754
1788460815
1790657070
1793282088
1794197765
1796486817
1798641567
1798852421
1800624392
1802188490
1803544178
1806952560
1807154957
1807779241
1808130602
1809320643
1811477471
1812429809
1813115597
1813144128
1814397249
1815597881
1822187647
1823798819
1824837264
1826408060
1826537974
1827284643
1831305175
1832287614
1835933489
1836201906
1840225874
1845897721
1848832019
1855826649
1858881207
1860602822
1860847622
1866433840
1866450643
1866612961
1866814940
1868141281
1869663702
1869736192
1872534493
1872952907
1874748096
1876648556
1877648720
1879328181
1880464325
1881086742
1884254838
1884811626
1889721200
1891567775
1892112230
1893721028
1895217441
1895913359
1895927227
1897087126
1900199924
1901152498
1905261552
1906360116
1911255389
1911553800
1915483055
1920580197
1921528400
1921739441
1923026025
1923090150
1927302950
1927915111
1929510547
1940439335
1940800023
1940864331
1944377406
1948555936
1949862326
1950022796
1950484340
1951598538
1951918665
1960204067
1960726484
1962007293
1963836353
1964990155
1965387275
1969681615
1973454235
1974865233
1976667553
1977186352
1984424971
1988855515
1990969115
1992798444
1996492051
2000430152
2002496997
2002720982
2002996436
2005546136
2006063146
2013903098
2025613794
2027514900
2029357497
2030912120
2034942613
2035015474
2039062346
2047078754
2047601762
2047811780
2047822338
2052132707
2053047983
2054741978
2054802212
2055032793
2055052747
2055601450
2055744798
2057323293
2058258651
2058375196
2060492003
2067651663
2070408293
2070910243
2077067425
2077213788
2078627975
2081135787
2089438624
2098299345
2100073167
2100293115
2100362176
2100362283
2100427849
2100638428
2102736524
2105126401
2106976092
2109399015
2110434847
2110518014
2111915288
2116901803
2117488267
2117934137
2121124952
2122112351
2124707437
2125632375
2129214204
2131275019
2135432520
2138242457
2143449217
2144110260
2144619499
2145106763
