This is TeX, Version 3.14159 (C version 6.1) (format=latex 98.5.7)  20 DEC 1998 23:02
**fitsblink
(fitsblink.tex
LaTeX2e <1996/12/01> patch level 1
Babel <v3.6h> and hyphenation patterns for american, german, loaded.
(/usr/lib/texmf/texmf/tex/latex/base/article.cls
Document Class: article 1996/10/31 v1.3u Standard LaTeX document class
(/usr/lib/texmf/texmf/tex/latex/base/size11.clo
File: size11.clo 1996/10/31 v1.3u Standard LaTeX file (size option)
)
\c@part=\count79
\c@section=\count80
\c@subsection=\count81
\c@subsubsection=\count82
\c@paragraph=\count83
\c@subparagraph=\count84
\c@figure=\count85
\c@table=\count86
\abovecaptionskip=\skip41
\belowcaptionskip=\skip42
\bibindent=\dimen102
)
(/usr/lib/texmf/texmf/tex/latex/graphics/epsfig.sty
Package: epsfig 1996/10/04 v1.7 (e)psfig emulation (SPQR)

(/usr/lib/texmf/texmf/tex/latex/graphics/graphicx.sty
Package: graphicx 1996/10/31 v1.0c Enhanced LaTeX Graphics (DPC,SPQR)

(/usr/lib/texmf/texmf/tex/latex/graphics/keyval.sty
Package: keyval 1995/09/21 v1.09 key=value parser (DPC)
)
(/usr/lib/texmf/texmf/tex/latex/graphics/graphics.sty
Package: graphics 1996/10/31 v1.0c Standard LaTeX Graphics (DPC,SPQR)

(/usr/lib/texmf/texmf/tex/latex/graphics/trig.sty
Package: trig 1994/10/16 v1.08 sin cos tan (DPC)
)
(/usr/lib/texmf/texmf/tex/latex/config/graphics.cfg)
Package graphics Info: Driver file: dvips.def on input line 82.

(/usr/lib/texmf/texmf/tex/latex/graphics/dvips.def
File: dvips.def 1996/12/12 v3.0d Driver-dependant file (DPC,SPQR)
))
\Gin@req@height=\dimen103
\Gin@req@width=\dimen104
)
\epsfxsize=\dimen105
\epsfysize=\dimen106
)
(/usr/lib/texmf/texmf/tex/latex/misc/here.sty)
(/usr/lib/texmf/texmf/tex/latex/misc/a4wide.sty
Package: a4wide 1994/08/30

(/usr/lib/texmf/texmf/tex/latex/ntgclass/a4.sty
Package: a4 1995/09/25 v1.2e A4 based page layout
)) (html.sty
Package: html 1996/12/22 v1.1 hypertext commands for latex2html (nd, hws, rrm)
\c@lpart=\count87
\c@lchapter=\count88
\c@lsection=\count89
\c@lsubsection=\count90
\c@lsubsubsection=\count91
\c@lparagraph=\count92
\c@lsubparagraph=\count93
\c@lequation=\count94
\c@lsubsubparagraph=\count95
\ptrfile=\write3
) (fitsblink.aux)
LaTeX Font Info:    Checking defaults for OML/cmm/m/it on input line 9.
LaTeX Font Info:    ... okay on input line 9.
LaTeX Font Info:    Checking defaults for T1/cmr/m/n on input line 9.
LaTeX Font Info:    ... okay on input line 9.
LaTeX Font Info:    Checking defaults for OT1/cmr/m/n on input line 9.
LaTeX Font Info:    ... okay on input line 9.
LaTeX Font Info:    Checking defaults for OMS/cmsy/m/n on input line 9.
LaTeX Font Info:    ... okay on input line 9.
LaTeX Font Info:    Checking defaults for OMX/cmex/m/n on input line 9.
LaTeX Font Info:    ... okay on input line 9.
LaTeX Font Info:    Checking defaults for U/cmr/m/n on input line 9.
LaTeX Font Info:    ... okay on input line 9.
LaTeX Font Info:    External font `cmex10' loaded for size
(Font)              <12> on input line 11.
LaTeX Font Info:    External font `cmex10' loaded for size
(Font)              <8> on input line 11.
LaTeX Font Info:    External font `cmex10' loaded for size
(Font)              <6> on input line 11.

[1

] (fitsblink.toc
LaTeX Font Info:    External font `cmex10' loaded for size
(Font)              <10.95> on input line 3.
 [2])
\tf@toc=\write4
 [3] [4]
Overfull \hbox (7.1075pt too wide) in paragraph at lines 101--115
\OT1/cmr/m/n/10.95 http://kronos.ijs.si/ jure/fitsblink/fitsblink.html. You can
 find the lat-est ver-sion of the []\OT1/cmtt/m/n/10.95 cfitsio
 []

LaTeX Font Info:    Try loading font information for OMS+cmr on input line 141.

(/usr/lib/texmf/texmf/tex/latex/base/omscmr.fd
File: omscmr.fd 1997/01/14 v2.5a Standard LaTeX font definitions
)
LaTeX Font Info:    Font shape `OMS/cmr/m/n' in size <10.95> not available
(Font)              Font shape `OMS/cmsy/m/n' tried instead on input line 141.
 [5]
Overfull \hbox (7.14752pt too wide) in paragraph at lines 172--179
[]\OT1/cmr/m/n/10.95 Go to the []\OT1/cmtt/m/n/10.95 fitsblink_examples \OT1/cm
r/m/n/10.95 di-rec-tory and start []\OT1/cmtt/m/n/10.95 fitsblink\OT1/cmr/m/n/1
0.95 . If the []\OT1/cmtt/m/n/10.95 $HOME/.fitsblinkrc
 []

[6]
Overfull \hbox (24.32024pt too wide) in paragraph at lines 253--258
\OT1/cmr/m/n/10.95 the file []\OT1/cmtt/m/n/10.95 98kd3r5-98kd3r6.inp\OT1/cmr/m
/n/10.95 . From the com-mand line run []\OT1/cmtt/m/n/10.95 fitsblink -i 98kd3r
5-98kd3r6.inp
 []

[7] [8] [9] [10]
File: locked.eps Graphic file (type eps)
 <locked.eps>

LaTeX Warning: `h' float specifier changed to `ht'.

[11] [12]
Overfull \hbox (11.49258pt too wide) in paragraph at lines 622--622
[]    \OT1/cmtt/m/n/10.95 0  203.41  425.36    33961.00 222.426891  0.361738 g 
03261330   0.10  11.76[] 
 []


Overfull \hbox (11.49258pt too wide) in paragraph at lines 622--622
[]    \OT1/cmtt/m/n/10.95 1  340.29  487.03    21952.00 222.393445  0.289046 g 
03261311   0.10  12.39[] 
 []


Overfull \hbox (11.49258pt too wide) in paragraph at lines 622--622
[]    \OT1/cmtt/m/n/10.95 2  211.92  187.61     5991.00 222.553634  0.356243 g 
03270218   0.35  13.91[] 
 []


Overfull \hbox (11.49258pt too wide) in paragraph at lines 622--622
[]    \OT1/cmtt/m/n/10.95 3  198.20  369.38     4987.00 222.456765  0.364289 g 
03260027   0.08  14.42[] 
 []


Overfull \hbox (11.49258pt too wide) in paragraph at lines 622--622
[]    \OT1/cmtt/m/n/10.95 4   62.06   97.30     4557.00 222.602409  0.435737 g 
03270409   0.07  14.39[] 
 []


Overfull \hbox (11.49258pt too wide) in paragraph at lines 622--622
[]    \OT1/cmtt/m/n/10.95 5  219.05  256.28     4551.00 222.516988  0.352721 g 
03270212   0.21  14.54[] 
 []


Overfull \hbox (11.49258pt too wide) in paragraph at lines 622--622
[]    \OT1/cmtt/m/n/10.95 7  251.13  269.00     3627.00 222.510071  0.335679 g 
03270167   0.12  14.88[] 
 []


Overfull \hbox (11.49258pt too wide) in paragraph at lines 622--622
[]    \OT1/cmtt/m/n/10.95 8  332.75   64.77     2982.00 222.618637  0.291364 g 
03270098   0.11  15.07[] 
 []


Overfull \hbox (11.49258pt too wide) in paragraph at lines 622--622
[]   \OT1/cmtt/m/n/10.95 10  150.39  232.54     1657.00 222.529929  0.389214 g 
03270315   0.41  15.38[] 
 []

[13]
Overfull \hbox (39.07288pt too wide) in paragraph at lines 667--673
[]\OT1/cmtt/m/n/10.95 fitsblink \OT1/cmr/m/n/10.95 in such a mode. You need a s
oft link named []\OT1/cmtt/m/n/10.95 starcount \OT1/cmr/m/n/10.95 (do []\OT1/cm
tt/m/n/10.95 ln -s fitsblink starcount\OT1/cmr/m/n/10.95 ),
 []

[14]
File: parameters.eps Graphic file (type eps)
 <parameters.eps> [15]
File: catalogs.eps Graphic file (type eps)
 <catalogs.eps>
File: matched.eps Graphic file (type eps)
 <matched.eps> [16] [17] [18]
File: astrometry_report.eps Graphic file (type eps)

<astrometry_report.eps> [19]
File: catalog_paths.eps Graphic file (type eps)
 <catalog_paths.eps>
File: observatory.eps Graphic file (type eps)
 <observatory.eps>
File: display.eps Graphic file (type eps)

<display.eps>
File: mail.eps Graphic file (type eps)
 <mail.eps>
File: telescope.eps Graphic file (type eps)
 <telescope.eps>
File: camera.eps Graphic file (type eps)
 <camera.eps>
File: countdefs.eps Graphic file (type eps)
 <countdefs.eps>
File: matchdefs.eps Graphic file (type eps)

<matchdefs.eps>
File: help.eps Graphic file (type eps)
 <help.eps> [20] [21] [22] [23]
File: control.eps Graphic file (type eps)
 <control.eps> [24] [25]
(fitsblink.aux) ) 
Here is how much of TeX's memory you used:
 950 strings out of 10906
 10132 string characters out of 72188
 56730 words of memory out of 262141
 3765 multiletter control sequences out of 9500
 9801 words of font info for 35 fonts, out of 150000 for 255
 14 hyphenation exceptions out of 607
 32i,7n,21p,215b,331s stack positions out of 300i,40n,60p,3000b,4000s

Output written on fitsblink.dvi (25 pages, 73400 bytes).
